<?xml version="1.0" encoding="UTF-8"?>
<testng-results skipped="0" failed="2" ignored="0" total="12" passed="10">
  <reporter-output>
  </reporter-output>
  <suite name="Default suite" duration-ms="200" started-at="2017-07-03T08:56:58Z" finished-at="2017-07-03T08:56:58Z">
    <groups>
    </groups>
    <test name="Default test" duration-ms="200" started-at="2017-07-03T08:56:58Z" finished-at="2017-07-03T08:56:58Z">
      <class name="com.qainfotech.tap.training.resourceio.TeamsJsonReaderTest">
        <test-method status="PASS" signature="Team_getActiveMembers_should_return_a_list_of_team_members_that_are_active()[pri:0, instance:com.qainfotech.tap.training.resourceio.TeamsJsonReaderTest@643b1d11]" name="Team_getActiveMembers_should_return_a_list_of_team_members_that_are_active" duration-ms="69" started-at="2017-07-03T14:26:58Z" finished-at="2017-07-03T14:26:58Z">
          <reporter-output>
          </reporter-output>
        </test-method> <!-- Team_getActiveMembers_should_return_a_list_of_team_members_that_are_active -->
        <test-method status="PASS" signature="Team_getInactiveMembers_should_return_a_list_of_individual_team_members_that_are_inactive()[pri:0, instance:com.qainfotech.tap.training.resourceio.TeamsJsonReaderTest@643b1d11]" name="Team_getInactiveMembers_should_return_a_list_of_individual_team_members_that_are_inactive" duration-ms="10" started-at="2017-07-03T14:26:58Z" finished-at="2017-07-03T14:26:58Z">
          <reporter-output>
          </reporter-output>
        </test-method> <!-- Team_getInactiveMembers_should_return_a_list_of_individual_team_members_that_are_inactive -->
        <test-method status="PASS" signature="getIndividualById_should_return_Individual_object_matching_id()[pri:0, instance:com.qainfotech.tap.training.resourceio.TeamsJsonReaderTest@643b1d11]" name="getIndividualById_should_return_Individual_object_matching_id" duration-ms="2" started-at="2017-07-03T14:26:58Z" finished-at="2017-07-03T14:26:58Z">
          <reporter-output>
          </reporter-output>
        </test-method> <!-- getIndividualById_should_return_Individual_object_matching_id -->
        <test-method status="PASS" signature="getIndividualById_should_throw_ObjectNotFoundException_for_incorrect_id()[pri:0, instance:com.qainfotech.tap.training.resourceio.TeamsJsonReaderTest@643b1d11]" name="getIndividualById_should_throw_ObjectNotFoundException_for_incorrect_id" duration-ms="3" started-at="2017-07-03T14:26:58Z" finished-at="2017-07-03T14:26:58Z">
          <exception class="com.qainfotech.tap.training.resourceio.exceptions.ObjectNotFoundException">
            <message>
              <![CDATA[individual Object with id=100 not found]]>
            </message>
            <full-stacktrace>
              <![CDATA[com.qainfotech.tap.training.resourceio.exceptions.ObjectNotFoundException: individual Object with id=100 not found
	at com.qainfotech.tap.training.resourceio.TeamsJsonReader.getIndividualById(TeamsJsonReader.java:94)
	at com.qainfotech.tap.training.resourceio.TeamsJsonReaderTest.getIndividualById_should_throw_ObjectNotFoundException_for_incorrect_id(TeamsJsonReaderTest.java:69)
	at sun.reflect.NativeMethodAccessorImpl.invoke0(Native Method)
	at sun.reflect.NativeMethodAccessorImpl.invoke(NativeMethodAccessorImpl.java:62)
	at sun.reflect.DelegatingMethodAccessorImpl.invoke(DelegatingMethodAccessorImpl.java:43)
	at java.lang.reflect.Method.invoke(Method.java:498)
	at org.testng.internal.MethodInvocationHelper.invokeMethod(MethodInvocationHelper.java:108)
	at org.testng.internal.Invoker.invokeMethod(Invoker.java:661)
	at org.testng.internal.Invoker.invokeTestMethod(Invoker.java:869)
	at org.testng.internal.Invoker.invokeTestMethods(Invoker.java:1193)
	at org.testng.internal.TestMethodWorker.invokeTestMethods(TestMethodWorker.java:126)
	at org.testng.internal.TestMethodWorker.run(TestMethodWorker.java:109)
	at org.testng.TestRunner.privateRun(TestRunner.java:744)
	at org.testng.TestRunner.run(TestRunner.java:602)
	at org.testng.SuiteRunner.runTest(SuiteRunner.java:380)
	at org.testng.SuiteRunner.runSequentially(SuiteRunner.java:375)
	at org.testng.SuiteRunner.privateRun(SuiteRunner.java:340)
	at org.testng.SuiteRunner.run(SuiteRunner.java:289)
	at org.testng.SuiteRunnerWorker.runSuite(SuiteRunnerWorker.java:52)
	at org.testng.SuiteRunnerWorker.run(SuiteRunnerWorker.java:86)
	at org.testng.TestNG.runSuitesSequentially(TestNG.java:1301)
	at org.testng.TestNG.runSuitesLocally(TestNG.java:1226)
	at org.testng.TestNG.runSuites(TestNG.java:1144)
	at org.testng.TestNG.run(TestNG.java:1115)
	at org.testng.remote.AbstractRemoteTestNG.run(AbstractRemoteTestNG.java:132)
	at org.testng.remote.RemoteTestNG.initAndRun(RemoteTestNG.java:230)
	at org.testng.remote.RemoteTestNG.main(RemoteTestNG.java:76)
]]>
            </full-stacktrace>
          </exception> <!-- com.qainfotech.tap.training.resourceio.exceptions.ObjectNotFoundException -->
          <reporter-output>
          </reporter-output>
        </test-method> <!-- getIndividualById_should_throw_ObjectNotFoundException_for_incorrect_id -->
        <test-method status="PASS" signature="getIndividualByName_should_return_Individual_object_matching_name()[pri:0, instance:com.qainfotech.tap.training.resourceio.TeamsJsonReaderTest@643b1d11]" name="getIndividualByName_should_return_Individual_object_matching_name" duration-ms="2" started-at="2017-07-03T14:26:58Z" finished-at="2017-07-03T14:26:58Z">
          <reporter-output>
          </reporter-output>
        </test-method> <!-- getIndividualByName_should_return_Individual_object_matching_name -->
        <test-method status="PASS" signature="getIndividualByName_should_throw_ObjectNotFoundException_for_incorrect_name()[pri:0, instance:com.qainfotech.tap.training.resourceio.TeamsJsonReaderTest@643b1d11]" name="getIndividualByName_should_throw_ObjectNotFoundException_for_incorrect_name" duration-ms="1" started-at="2017-07-03T14:26:58Z" finished-at="2017-07-03T14:26:58Z">
          <exception class="com.qainfotech.tap.training.resourceio.exceptions.ObjectNotFoundException">
            <message>
              <![CDATA[individual Object with name=Individual By This Name Does Not Exist not found]]>
            </message>
            <full-stacktrace>
              <![CDATA[com.qainfotech.tap.training.resourceio.exceptions.ObjectNotFoundException: individual Object with name=Individual By This Name Does Not Exist not found
	at com.qainfotech.tap.training.resourceio.TeamsJsonReader.getIndividualByName(TeamsJsonReader.java:131)
	at com.qainfotech.tap.training.resourceio.TeamsJsonReaderTest.getIndividualByName_should_throw_ObjectNotFoundException_for_incorrect_name(TeamsJsonReaderTest.java:85)
	at sun.reflect.NativeMethodAccessorImpl.invoke0(Native Method)
	at sun.reflect.NativeMethodAccessorImpl.invoke(NativeMethodAccessorImpl.java:62)
	at sun.reflect.DelegatingMethodAccessorImpl.invoke(DelegatingMethodAccessorImpl.java:43)
	at java.lang.reflect.Method.invoke(Method.java:498)
	at org.testng.internal.MethodInvocationHelper.invokeMethod(MethodInvocationHelper.java:108)
	at org.testng.internal.Invoker.invokeMethod(Invoker.java:661)
	at org.testng.internal.Invoker.invokeTestMethod(Invoker.java:869)
	at org.testng.internal.Invoker.invokeTestMethods(Invoker.java:1193)
	at org.testng.internal.TestMethodWorker.invokeTestMethods(TestMethodWorker.java:126)
	at org.testng.internal.TestMethodWorker.run(TestMethodWorker.java:109)
	at org.testng.TestRunner.privateRun(TestRunner.java:744)
	at org.testng.TestRunner.run(TestRunner.java:602)
	at org.testng.SuiteRunner.runTest(SuiteRunner.java:380)
	at org.testng.SuiteRunner.runSequentially(SuiteRunner.java:375)
	at org.testng.SuiteRunner.privateRun(SuiteRunner.java:340)
	at org.testng.SuiteRunner.run(SuiteRunner.java:289)
	at org.testng.SuiteRunnerWorker.runSuite(SuiteRunnerWorker.java:52)
	at org.testng.SuiteRunnerWorker.run(SuiteRunnerWorker.java:86)
	at org.testng.TestNG.runSuitesSequentially(TestNG.java:1301)
	at org.testng.TestNG.runSuitesLocally(TestNG.java:1226)
	at org.testng.TestNG.runSuites(TestNG.java:1144)
	at org.testng.TestNG.run(TestNG.java:1115)
	at org.testng.remote.AbstractRemoteTestNG.run(AbstractRemoteTestNG.java:132)
	at org.testng.remote.RemoteTestNG.initAndRun(RemoteTestNG.java:230)
	at org.testng.remote.RemoteTestNG.main(RemoteTestNG.java:76)
]]>
            </full-stacktrace>
          </exception> <!-- com.qainfotech.tap.training.resourceio.exceptions.ObjectNotFoundException -->
          <reporter-output>
          </reporter-output>
        </test-method> <!-- getIndividualByName_should_throw_ObjectNotFoundException_for_incorrect_name -->
        <test-method status="PASS" signature="getListOfActiveIndividuals_ahould_return_array_list_of_only_active_individual_objects()[pri:0, instance:com.qainfotech.tap.training.resourceio.TeamsJsonReaderTest@643b1d11]" name="getListOfActiveIndividuals_ahould_return_array_list_of_only_active_individual_objects" duration-ms="15" started-at="2017-07-03T14:26:58Z" finished-at="2017-07-03T14:26:58Z">
          <reporter-output>
          </reporter-output>
        </test-method> <!-- getListOfActiveIndividuals_ahould_return_array_list_of_only_active_individual_objects -->
        <test-method status="PASS" signature="getListOfInactiveIndividuals_should_return_array_list_of_only_inactive_individual_objects()[pri:0, instance:com.qainfotech.tap.training.resourceio.TeamsJsonReaderTest@643b1d11]" name="getListOfInactiveIndividuals_should_return_array_list_of_only_inactive_individual_objects" duration-ms="3" started-at="2017-07-03T14:26:58Z" finished-at="2017-07-03T14:26:58Z">
          <reporter-output>
          </reporter-output>
        </test-method> <!-- getListOfInactiveIndividuals_should_return_array_list_of_only_inactive_individual_objects -->
        <test-method status="PASS" signature="getListOfIndividuals_should_return_array_list_of_all_individual_objects()[pri:0, instance:com.qainfotech.tap.training.resourceio.TeamsJsonReaderTest@643b1d11]" name="getListOfIndividuals_should_return_array_list_of_all_individual_objects" duration-ms="4" started-at="2017-07-03T14:26:58Z" finished-at="2017-07-03T14:26:58Z">
          <reporter-output>
          </reporter-output>
        </test-method> <!-- getListOfIndividuals_should_return_array_list_of_all_individual_objects -->
        <test-method status="PASS" signature="getListOfTeams_should_return_a_list_if_Team_object_from_db_json()[pri:0, instance:com.qainfotech.tap.training.resourceio.TeamsJsonReaderTest@643b1d11]" name="getListOfTeams_should_return_a_list_if_Team_object_from_db_json" duration-ms="21" started-at="2017-07-03T14:26:58Z" finished-at="2017-07-03T14:26:58Z">
          <reporter-output>
          </reporter-output>
        </test-method> <!-- getListOfTeams_should_return_a_list_if_Team_object_from_db_json -->
      </class> <!-- com.qainfotech.tap.training.resourceio.TeamsJsonReaderTest -->
      <class name="com.qainfotech.tap.training.resourceio.PropertiesOptionsIOTest">
        <test-method status="PASS" signature="loadOptions()[pri:0, instance:com.qainfotech.tap.training.resourceio.PropertiesOptionsIOTest@100fc185]" name="loadOptions" is-config="true" duration-ms="10" started-at="2017-07-03T14:26:58Z" finished-at="2017-07-03T14:26:58Z">
          <reporter-output>
          </reporter-output>
        </test-method> <!-- loadOptions -->
        <test-method status="PASS" signature="loadDB()[pri:0, instance:com.qainfotech.tap.training.resourceio.TeamsJsonReaderTest@643b1d11]" name="loadDB" is-config="true" duration-ms="6" started-at="2017-07-03T14:26:58Z" finished-at="2017-07-03T14:26:58Z">
          <reporter-output>
          </reporter-output>
        </test-method> <!-- loadDB -->
        <test-method status="FAIL" signature="addOptionShouldMethodShouldAppendPropertiesFileWithNewProperty()[pri:0, instance:com.qainfotech.tap.training.resourceio.PropertiesOptionsIOTest@100fc185]" name="addOptionShouldMethodShouldAppendPropertiesFileWithNewProperty" duration-ms="6" started-at="2017-07-03T14:26:58Z" finished-at="2017-07-03T14:26:58Z">
          <exception class="java.io.FileNotFoundException">
            <message>
              <![CDATA[C:\Users\nachiketatripathi\workspace\assignment-resource-io\src\main\resources\options.properties (The system cannot find the path specified)]]>
            </message>
            <full-stacktrace>
              <![CDATA[java.io.FileNotFoundException: C:\Users\nachiketatripathi\workspace\assignment-resource-io\src\main\resources\options.properties (The system cannot find the path specified)
	at java.io.FileOutputStream.open0(Native Method)
	at java.io.FileOutputStream.open(FileOutputStream.java:270)
	at java.io.FileOutputStream.<init>(FileOutputStream.java:213)
	at java.io.FileWriter.<init>(FileWriter.java:107)
	at com.qainfotech.tap.training.resourceio.PropertiesOptionsIO.addOption(PropertiesOptionsIO.java:34)
	at com.qainfotech.tap.training.resourceio.PropertiesOptionsIOTest.addOptionShouldMethodShouldAppendPropertiesFileWithNewProperty(PropertiesOptionsIOTest.java:37)
	at sun.reflect.NativeMethodAccessorImpl.invoke0(Native Method)
	at sun.reflect.NativeMethodAccessorImpl.invoke(NativeMethodAccessorImpl.java:62)
	at sun.reflect.DelegatingMethodAccessorImpl.invoke(DelegatingMethodAccessorImpl.java:43)
	at java.lang.reflect.Method.invoke(Method.java:498)
	at org.testng.internal.MethodInvocationHelper.invokeMethod(MethodInvocationHelper.java:108)
	at org.testng.internal.Invoker.invokeMethod(Invoker.java:661)
	at org.testng.internal.Invoker.invokeTestMethod(Invoker.java:869)
	at org.testng.internal.Invoker.invokeTestMethods(Invoker.java:1193)
	at org.testng.internal.TestMethodWorker.invokeTestMethods(TestMethodWorker.java:126)
	at org.testng.internal.TestMethodWorker.run(TestMethodWorker.java:109)
	at org.testng.TestRunner.privateRun(TestRunner.java:744)
	at org.testng.TestRunner.run(TestRunner.java:602)
	at org.testng.SuiteRunner.runTest(SuiteRunner.java:380)
	at org.testng.SuiteRunner.runSequentially(SuiteRunner.java:375)
	at org.testng.SuiteRunner.privateRun(SuiteRunner.java:340)
	at org.testng.SuiteRunner.run(SuiteRunner.java:289)
	at org.testng.SuiteRunnerWorker.runSuite(SuiteRunnerWorker.java:52)
	at org.testng.SuiteRunnerWorker.run(SuiteRunnerWorker.java:86)
	at org.testng.TestNG.runSuitesSequentially(TestNG.java:1301)
	at org.testng.TestNG.runSuitesLocally(TestNG.java:1226)
	at org.testng.TestNG.runSuites(TestNG.java:1144)
	at org.testng.TestNG.run(TestNG.java:1115)
	at org.testng.remote.AbstractRemoteTestNG.run(AbstractRemoteTestNG.java:132)
	at org.testng.remote.RemoteTestNG.initAndRun(RemoteTestNG.java:230)
	at org.testng.remote.RemoteTestNG.main(RemoteTestNG.java:76)
]]>
            </full-stacktrace>
          </exception> <!-- java.io.FileNotFoundException -->
          <reporter-output>
          </reporter-output>
        </test-method> <!-- addOptionShouldMethodShouldAppendPropertiesFileWithNewProperty -->
        <test-method status="FAIL" signature="getOptionValueMethodShouldReturnOptionValuesFromPropertiesFile()[pri:0, instance:com.qainfotech.tap.training.resourceio.PropertiesOptionsIOTest@100fc185]" name="getOptionValueMethodShouldReturnOptionValuesFromPropertiesFile" duration-ms="2" started-at="2017-07-03T14:26:58Z" finished-at="2017-07-03T14:26:58Z">
          <exception class="java.io.FileNotFoundException">
            <message>
              <![CDATA[C:\Users\nachiketatripathi\workspace\assignment-resource-io\src\main\resources\options.properties (The system cannot find the path specified)]]>
            </message>
            <full-stacktrace>
              <![CDATA[java.io.FileNotFoundException: C:\Users\nachiketatripathi\workspace\assignment-resource-io\src\main\resources\options.properties (The system cannot find the path specified)
	at java.io.FileInputStream.open0(Native Method)
	at java.io.FileInputStream.open(FileInputStream.java:195)
	at java.io.FileInputStream.<init>(FileInputStream.java:138)
	at java.io.FileInputStream.<init>(FileInputStream.java:93)
	at com.qainfotech.tap.training.resourceio.PropertiesOptionsIO.getOptionValue(PropertiesOptionsIO.java:20)
	at com.qainfotech.tap.training.resourceio.PropertiesOptionsIOTest.getOptionValueMethodShouldReturnOptionValuesFromPropertiesFile(PropertiesOptionsIOTest.java:25)
	at sun.reflect.NativeMethodAccessorImpl.invoke0(Native Method)
	at sun.reflect.NativeMethodAccessorImpl.invoke(NativeMethodAccessorImpl.java:62)
	at sun.reflect.DelegatingMethodAccessorImpl.invoke(DelegatingMethodAccessorImpl.java:43)
	at java.lang.reflect.Method.invoke(Method.java:498)
	at org.testng.internal.MethodInvocationHelper.invokeMethod(MethodInvocationHelper.java:108)
	at org.testng.internal.Invoker.invokeMethod(Invoker.java:661)
	at org.testng.internal.Invoker.invokeTestMethod(Invoker.java:869)
	at org.testng.internal.Invoker.invokeTestMethods(Invoker.java:1193)
	at org.testng.internal.TestMethodWorker.invokeTestMethods(TestMethodWorker.java:126)
	at org.testng.internal.TestMethodWorker.run(TestMethodWorker.java:109)
	at org.testng.TestRunner.privateRun(TestRunner.java:744)
	at org.testng.TestRunner.run(TestRunner.java:602)
	at org.testng.SuiteRunner.runTest(SuiteRunner.java:380)
	at org.testng.SuiteRunner.runSequentially(SuiteRunner.java:375)
	at org.testng.SuiteRunner.privateRun(SuiteRunner.java:340)
	at org.testng.SuiteRunner.run(SuiteRunner.java:289)
	at org.testng.SuiteRunnerWorker.runSuite(SuiteRunnerWorker.java:52)
	at org.testng.SuiteRunnerWorker.run(SuiteRunnerWorker.java:86)
	at org.testng.TestNG.runSuitesSequentially(TestNG.java:1301)
	at org.testng.TestNG.runSuitesLocally(TestNG.java:1226)
	at org.testng.TestNG.runSuites(TestNG.java:1144)
	at org.testng.TestNG.run(TestNG.java:1115)
	at org.testng.remote.AbstractRemoteTestNG.run(AbstractRemoteTestNG.java:132)
	at org.testng.remote.RemoteTestNG.initAndRun(RemoteTestNG.java:230)
	at org.testng.remote.RemoteTestNG.main(RemoteTestNG.java:76)
]]>
            </full-stacktrace>
          </exception> <!-- java.io.FileNotFoundException -->
          <reporter-output>
          </reporter-output>
        </test-method> <!-- getOptionValueMethodShouldReturnOptionValuesFromPropertiesFile -->
      </class> <!-- com.qainfotech.tap.training.resourceio.PropertiesOptionsIOTest -->
    </test> <!-- Default test -->
  </suite> <!-- Default suite -->
</testng-results>
